15:44:45 INFO  : Launching XSCT server: xsct.bat -n  -interactive D:\shadow_project_dma\shadow_dma_1\shadow_dma_vitis\temp_xsdb_launch_script.tcl
15:44:48 INFO  : Platform repository initialization has completed.
15:44:51 INFO  : Registering command handlers for Vitis TCF services
15:44:57 INFO  : XSCT server has started successfully.
15:44:57 INFO  : Successfully done setting XSCT server connection channel  
15:44:57 INFO  : plnx-install-location is set to ''
15:46:08 INFO  : Successfully done setting workspace for the tool. 
15:46:15 INFO  : Successfully done query RDI_DATADIR 
15:47:23 INFO  : Result from executing command 'getProjects': shawdo_dma_platform
15:47:23 INFO  : Result from executing command 'getPlatforms': 
15:51:07 INFO  : Result from executing command 'getProjects': shawdo_dma_platform
15:51:07 INFO  : Result from executing command 'getPlatforms': shawdo_dma_platform|D:/shadow_project_dma/shadow_dma_1/shadow_dma_vitis/shawdo_dma_platform/export/shawdo_dma_platform/shawdo_dma_platform.xpfm
15:51:09 INFO  : Checking for BSP changes to sync application flags for project 'shadow_dma_app'...
15:53:30 INFO  : Connected to target on host '127.0.0.1' and port '3121'.
15:53:51 INFO  : Jtag cable 'Digilent JTAG-SMT1 210203345868A' is selected.
15:54:07 INFO  : 'jtag frequency' command is executed.
15:54:07 INFO  : Context for 'APU' is selected.
15:54:07 INFO  : System reset is completed.
15:54:10 INFO  : 'after 3000' command is executed.
15:54:23 INFO  : 'targets -set -filter {jtag_cable_name =~ "Digilent JTAG-SMT1 210203345868A" && level==0 && jtag_device_ctx=="jsn-JTAG-SMT1-210203345868A-03727093-0"}' command is executed.
15:54:41 INFO  : Device configured successfully with "D:/shadow_project_dma/shadow_dma_1/shadow_dma_vitis/shadow_dma_app/_ide/bitstream/design_1_wrapper.bit"
15:54:41 INFO  : Context for 'APU' is selected.
15:54:56 INFO  : Hardware design and registers information is loaded from 'D:/shadow_project_dma/shadow_dma_1/shadow_dma_vitis/shawdo_dma_platform/export/shawdo_dma_platform/hw/design_1_wrapper.xsa'.
15:54:56 INFO  : 'configparams force-mem-access 1' command is executed.
15:55:12 INFO  : Context for 'APU' is selected.
15:55:12 INFO  : Sourcing of 'D:/shadow_project_dma/shadow_dma_1/shadow_dma_vitis/shadow_dma_app/_ide/psinit/ps7_init.tcl' is done.
16:02:52 ERROR : Invalid context
16:02:52 INFO  : ----------------XSDB Script----------------
connect -url tcp:127.0.0.1:3121
targets -set -nocase -filter {name =~"APU*"}
rst -system
after 3000
targets -set -filter {jtag_cable_name =~ "Digilent JTAG-SMT1 210203345868A" && level==0 && jtag_device_ctx=="jsn-JTAG-SMT1-210203345868A-03727093-0"}
fpga -file D:/shadow_project_dma/shadow_dma_1/shadow_dma_vitis/shadow_dma_app/_ide/bitstream/design_1_wrapper.bit
targets -set -nocase -filter {name =~"APU*"}
loadhw -hw D:/shadow_project_dma/shadow_dma_1/shadow_dma_vitis/shawdo_dma_platform/export/shawdo_dma_platform/hw/design_1_wrapper.xsa -mem-ranges [list {0x40000000 0xbfffffff}] -regs
configparams force-mem-access 1
targets -set -nocase -filter {name =~"APU*"}
source D:/shadow_project_dma/shadow_dma_1/shadow_dma_vitis/shadow_dma_app/_ide/psinit/ps7_init.tcl
ps7_init
----------------End of Script----------------

16:02:52 ERROR : Invalid context
11:13:45 INFO  : Launching XSCT server: xsct.bat -n  -interactive D:\shadow_project_dma\shadow_dma_1\shadow_dma_vitis\temp_xsdb_launch_script.tcl
11:13:48 INFO  : Platform repository initialization has completed.
11:13:49 INFO  : Registering command handlers for Vitis TCF services
11:13:50 INFO  : XSCT server has started successfully.
11:13:56 INFO  : plnx-install-location is set to ''
11:13:56 INFO  : Successfully done setting XSCT server connection channel  
11:13:56 INFO  : Successfully done query RDI_DATADIR 
11:13:56 INFO  : Successfully done setting workspace for the tool. 
11:17:39 INFO  : Connected to target on host '127.0.0.1' and port '3121'.
11:17:56 INFO  : Jtag cable 'Digilent JTAG-SMT1 210203345868A' is selected.
11:18:11 INFO  : 'jtag frequency' command is executed.
11:18:11 INFO  : ----------------XSDB Script----------------
connect -url tcp:127.0.0.1:3121
targets -set -nocase -filter {name =~"APU*"}
----------------End of Script----------------

11:18:26 INFO  : Connected to target on host '127.0.0.1' and port '3121'.
11:18:27 INFO  : Jtag cable 'Digilent JTAG-SMT1 210203345868A' is selected.
11:18:42 INFO  : 'jtag frequency' command is executed.
11:18:42 INFO  : Context for 'APU' is selected.
11:18:42 INFO  : System reset is completed.
11:18:45 INFO  : 'after 3000' command is executed.
11:18:58 INFO  : 'targets -set -filter {jtag_cable_name =~ "Digilent JTAG-SMT1 210203345868A" && level==0 && jtag_device_ctx=="jsn-JTAG-SMT1-210203345868A-03727093-0"}' command is executed.
11:19:31 INFO  : Device configured successfully with "D:/shadow_project_dma/shadow_dma_1/shadow_dma_vitis/shadow_dma_app/_ide/bitstream/design_1_wrapper.bit"
11:19:46 INFO  : Context for 'APU' is selected.
11:20:17 INFO  : Hardware design and registers information is loaded from 'D:/shadow_project_dma/shadow_dma_1/shadow_dma_vitis/shawdo_dma_platform/export/shawdo_dma_platform/hw/design_1_wrapper.xsa'.
11:20:17 INFO  : 'configparams force-mem-access 1' command is executed.
11:20:32 INFO  : Context for 'APU' is selected.
11:20:32 INFO  : Sourcing of 'D:/shadow_project_dma/shadow_dma_1/shadow_dma_vitis/shadow_dma_app/_ide/psinit/ps7_init.tcl' is done.
11:35:03 ERROR : 'ps7_init' is cancelled.
11:35:03 INFO  : ----------------XSDB Script----------------
connect -url tcp:127.0.0.1:3121
targets -set -nocase -filter {name =~"APU*"}
rst -system
after 3000
targets -set -filter {jtag_cable_name =~ "Digilent JTAG-SMT1 210203345868A" && level==0 && jtag_device_ctx=="jsn-JTAG-SMT1-210203345868A-03727093-0"}
fpga -file D:/shadow_project_dma/shadow_dma_1/shadow_dma_vitis/shadow_dma_app/_ide/bitstream/design_1_wrapper.bit
targets -set -nocase -filter {name =~"APU*"}
loadhw -hw D:/shadow_project_dma/shadow_dma_1/shadow_dma_vitis/shawdo_dma_platform/export/shawdo_dma_platform/hw/design_1_wrapper.xsa -mem-ranges [list {0x40000000 0xbfffffff}] -regs
configparams force-mem-access 1
targets -set -nocase -filter {name =~"APU*"}
source D:/shadow_project_dma/shadow_dma_1/shadow_dma_vitis/shadow_dma_app/_ide/psinit/ps7_init.tcl
ps7_init
----------------End of Script----------------

11:35:03 ERROR : 'ps7_init' is cancelled.
11:47:46 ERROR : Failed to connect to hardware server on host '127.0.0.1' and port '3121'.
Reason: 'connect -url tcp:127.0.0.1:3121' is cancelled.
11:47:46 INFO  : ----------------XSDB Script----------------
connect -url tcp:127.0.0.1:3121
----------------End of Script----------------

11:47:46 ERROR : Failed to connect to hardware server on host '127.0.0.1' and port '3121'.
Reason: 'connect -url tcp:127.0.0.1:3121' is cancelled.
11:54:43 INFO  : Connected to target on host '127.0.0.1' and port '3121'.
11:54:51 INFO  : Jtag cable 'Digilent JTAG-SMT1 210203345868A' is selected.
11:55:06 INFO  : 'jtag frequency' command is executed.
11:55:06 INFO  : Context for 'APU' is selected.
11:55:06 INFO  : System reset is completed.
11:55:09 INFO  : 'after 3000' command is executed.
11:55:21 INFO  : 'targets -set -filter {jtag_cable_name =~ "Digilent JTAG-SMT1 210203345868A" && level==0 && jtag_device_ctx=="jsn-JTAG-SMT1-210203345868A-03727093-0"}' command is executed.
11:55:54 INFO  : Device configured successfully with "D:/shadow_project_dma/shadow_dma_1/shadow_dma_vitis/shadow_dma_app/_ide/bitstream/design_1_wrapper.bit"
11:56:10 INFO  : Context for 'APU' is selected.
11:56:40 INFO  : Hardware design and registers information is loaded from 'D:/shadow_project_dma/shadow_dma_1/shadow_dma_vitis/shawdo_dma_platform/export/shawdo_dma_platform/hw/design_1_wrapper.xsa'.
11:56:56 INFO  : 'configparams force-mem-access 1' command is executed.
11:56:56 INFO  : Context for 'APU' is selected.
11:56:56 INFO  : Sourcing of 'D:/shadow_project_dma/shadow_dma_1/shadow_dma_vitis/shadow_dma_app/_ide/psinit/ps7_init.tcl' is done.
12:47:56 ERROR : 'ps7_init' is cancelled.
12:47:56 INFO  : ----------------XSDB Script----------------
connect -url tcp:127.0.0.1:3121
targets -set -nocase -filter {name =~"APU*"}
rst -system
after 3000
targets -set -filter {jtag_cable_name =~ "Digilent JTAG-SMT1 210203345868A" && level==0 && jtag_device_ctx=="jsn-JTAG-SMT1-210203345868A-03727093-0"}
fpga -file D:/shadow_project_dma/shadow_dma_1/shadow_dma_vitis/shadow_dma_app/_ide/bitstream/design_1_wrapper.bit
targets -set -nocase -filter {name =~"APU*"}
loadhw -hw D:/shadow_project_dma/shadow_dma_1/shadow_dma_vitis/shawdo_dma_platform/export/shawdo_dma_platform/hw/design_1_wrapper.xsa -mem-ranges [list {0x40000000 0xbfffffff}] -regs
configparams force-mem-access 1
targets -set -nocase -filter {name =~"APU*"}
source D:/shadow_project_dma/shadow_dma_1/shadow_dma_vitis/shadow_dma_app/_ide/psinit/ps7_init.tcl
ps7_init
----------------End of Script----------------

12:47:56 ERROR : 'ps7_init' is cancelled.
14:16:49 INFO  : Connected to target on host '127.0.0.1' and port '3121'.
14:17:04 INFO  : Jtag cable 'Digilent JTAG-SMT1 210203345868A' is selected.
14:17:19 INFO  : 'jtag frequency' command is executed.
14:17:19 INFO  : Context for 'APU' is selected.
14:17:19 INFO  : System reset is completed.
14:17:22 INFO  : 'after 3000' command is executed.
14:17:35 INFO  : 'targets -set -filter {jtag_cable_name =~ "Digilent JTAG-SMT1 210203345868A" && level==0 && jtag_device_ctx=="jsn-JTAG-SMT1-210203345868A-03727093-0"}' command is executed.
14:17:53 INFO  : Device configured successfully with "D:/shadow_project_dma/shadow_dma_1/shadow_dma_vitis/shadow_dma_app/_ide/bitstream/design_1_wrapper.bit"
14:18:08 INFO  : Context for 'APU' is selected.
14:18:54 INFO  : Hardware design and registers information is loaded from 'D:/shadow_project_dma/shadow_dma_1/shadow_dma_vitis/shawdo_dma_platform/export/shawdo_dma_platform/hw/design_1_wrapper.xsa'.
14:18:54 INFO  : 'configparams force-mem-access 1' command is executed.
14:19:09 INFO  : Context for 'APU' is selected.
14:19:10 INFO  : Sourcing of 'D:/shadow_project_dma/shadow_dma_1/shadow_dma_vitis/shadow_dma_app/_ide/psinit/ps7_init.tcl' is done.
14:21:57 ERROR : 'ps7_init' is cancelled.
14:21:57 INFO  : ----------------XSDB Script----------------
connect -url tcp:127.0.0.1:3121
targets -set -nocase -filter {name =~"APU*"}
rst -system
after 3000
targets -set -filter {jtag_cable_name =~ "Digilent JTAG-SMT1 210203345868A" && level==0 && jtag_device_ctx=="jsn-JTAG-SMT1-210203345868A-03727093-0"}
fpga -file D:/shadow_project_dma/shadow_dma_1/shadow_dma_vitis/shadow_dma_app/_ide/bitstream/design_1_wrapper.bit
targets -set -nocase -filter {name =~"APU*"}
loadhw -hw D:/shadow_project_dma/shadow_dma_1/shadow_dma_vitis/shawdo_dma_platform/export/shawdo_dma_platform/hw/design_1_wrapper.xsa -mem-ranges [list {0x40000000 0xbfffffff}] -regs
configparams force-mem-access 1
targets -set -nocase -filter {name =~"APU*"}
source D:/shadow_project_dma/shadow_dma_1/shadow_dma_vitis/shadow_dma_app/_ide/psinit/ps7_init.tcl
ps7_init
----------------End of Script----------------

14:21:57 ERROR : 'ps7_init' is cancelled.
14:22:14 INFO  : Launching the emulator on project 'shadow_dma_app' for configuration 'Debug'
14:22:14 INFO  : Launching QEMU with command 'launch_emulator.bat -device-family 7series -pid-file emulation.pid -t sw_emu -gdb-port 1137'
14:22:33 INFO  : Emulator has started.
14:22:35 INFO  : XRT server required for baremetal application debugging on QEMU has started successfully on port '4353'.
14:29:11 ERROR : No connection could be made because the target machine actively refused it
14:29:11 INFO  : The emulator is not running, terminating debug launch configuration
14:29:48 INFO  : Terminating XRT server used for debugging baremetal applications on QEMU.
14:29:49 INFO  : XRT server required for baremetal application debugging on QEMU has started successfully on port '4352'.
14:29:49 INFO  : 'connect -url tcp:localhost:4352' command is executed.
14:29:50 INFO  : 'gdbremote connect localhost:1137' command is executed.
14:29:50 INFO  : Connected to target on host 'localhost' and port '4352'.
14:29:50 INFO  : Context for processor 'ps7_cortexa9_0' is selected.
14:30:06 INFO  : The application 'D:/shadow_project_dma/shadow_dma_1/shadow_dma_vitis/shadow_dma_app/Debug/shadow_dma_app.elf' is downloaded to processor 'ps7_cortexa9_0'.
14:30:06 INFO  : ----------------XSDB Script----------------
connect -url tcp:localhost:4352
targets 3
dow D:/shadow_project_dma/shadow_dma_1/shadow_dma_vitis/shadow_dma_app/Debug/shadow_dma_app.elf
----------------End of Script----------------

14:30:06 INFO  : Context for processor 'ps7_cortexa9_0' is selected.
14:30:06 INFO  : 'con' command is executed.
14:30:06 INFO  : ----------------XSDB Script (After Launch)----------------
targets 3
con
----------------End of Script----------------

14:30:06 INFO  : Launch script is exported to file 'D:\shadow_project_dma\shadow_dma_1\shadow_dma_vitis\shadow_dma_app_system\_ide\scripts\debugger_shadow_dma_app-emulation.tcl'
14:30:23 INFO  : Stopping the emulator on project 'shadow_dma_app' for configuration 'Debug'
14:30:36 ERROR : Pid file required for stopping the emulator is not created at 'D:\shadow_project_dma\shadow_dma_1\shadow_dma_vitis\shadow_dma_app\Debug\emulation.pid'.
14:30:36 INFO  : Terminating XRT server used for debugging baremetal applications on QEMU.
14:30:36 ERROR : Failed to stop the emulator.
14:30:42 INFO  : Emulator has terminated.
14:32:40 INFO  : Disconnected from the channel tcfchan#2.
14:32:43 INFO  : Launching the emulator on project 'shadow_dma_app' for configuration 'Debug'
14:32:43 INFO  : Launching QEMU with command 'launch_emulator.bat -device-family 7series -pid-file emulation.pid -t sw_emu -gdb-port 1137'
14:33:04 INFO  : Emulator has started.
14:33:06 INFO  : XRT server required for baremetal application debugging on QEMU has started successfully on port '4359'.
14:33:06 INFO  : 'connect -url tcp:localhost:4359' command is executed.
14:33:06 INFO  : 'gdbremote connect localhost:1137' command is executed.
14:33:06 INFO  : Connected to target on host 'localhost' and port '4359'.
14:33:06 INFO  : Context for processor 'ps7_cortexa9_0' is selected.
14:33:21 INFO  : The application 'D:/shadow_project_dma/shadow_dma_1/shadow_dma_vitis/shadow_dma_app/Debug/shadow_dma_app.elf' is downloaded to processor 'ps7_cortexa9_0'.
14:33:21 INFO  : ----------------XSDB Script----------------
connect -url tcp:localhost:4359
targets 3
dow D:/shadow_project_dma/shadow_dma_1/shadow_dma_vitis/shadow_dma_app/Debug/shadow_dma_app.elf
----------------End of Script----------------

14:33:37 INFO  : Context for processor 'ps7_cortexa9_0' is selected.
14:33:37 INFO  : 'con' command is executed.
14:33:37 INFO  : ----------------XSDB Script (After Launch)----------------
targets 3
con
----------------End of Script----------------

14:33:37 INFO  : Launch script is exported to file 'D:\shadow_project_dma\shadow_dma_1\shadow_dma_vitis\shadow_dma_app_system\_ide\scripts\debugger_shadow_dma_app-emulation.tcl'
14:34:49 INFO  : Stopping the emulator on project 'shadow_dma_app' for configuration 'Debug'
14:35:02 ERROR : Pid file required for stopping the emulator is not created at 'D:\shadow_project_dma\shadow_dma_1\shadow_dma_vitis\shadow_dma_app\Debug\emulation.pid'.
14:35:02 INFO  : Terminating XRT server used for debugging baremetal applications on QEMU.
14:35:02 ERROR : Failed to stop the emulator.
14:35:08 INFO  : Emulator has terminated.
14:40:28 INFO  : Connected to target on host '127.0.0.1' and port '3121'.
14:40:43 INFO  : Jtag cable 'Digilent JTAG-SMT1 210203345868A' is selected.
14:40:58 INFO  : 'jtag frequency' command is executed.
14:41:13 INFO  : Context for 'APU' is selected.
14:41:13 INFO  : System reset is completed.
14:41:16 INFO  : 'after 3000' command is executed.
14:41:29 INFO  : 'targets -set -filter {jtag_cable_name =~ "Digilent JTAG-SMT1 210203345868A" && level==0 && jtag_device_ctx=="jsn-JTAG-SMT1-210203345868A-03727093-0"}' command is executed.
14:42:02 INFO  : Device configured successfully with "D:/shadow_project_dma/shadow_dma_1/shadow_dma_vitis/shadow_dma_app/_ide/bitstream/design_1_wrapper.bit"
14:42:17 INFO  : Context for 'APU' is selected.
14:42:48 INFO  : Hardware design and registers information is loaded from 'D:/shadow_project_dma/shadow_dma_1/shadow_dma_vitis/shawdo_dma_platform/export/shawdo_dma_platform/hw/design_1_wrapper.xsa'.
14:42:48 INFO  : 'configparams force-mem-access 1' command is executed.
14:42:48 INFO  : Context for 'APU' is selected.
14:42:48 INFO  : Sourcing of 'D:/shadow_project_dma/shadow_dma_1/shadow_dma_vitis/shadow_dma_app/_ide/psinit/ps7_init.tcl' is done.
14:54:42 ERROR : 'ps7_init' is cancelled.
14:54:42 INFO  : ----------------XSDB Script----------------
connect -url tcp:127.0.0.1:3121
targets -set -nocase -filter {name =~"APU*"}
rst -system
after 3000
targets -set -filter {jtag_cable_name =~ "Digilent JTAG-SMT1 210203345868A" && level==0 && jtag_device_ctx=="jsn-JTAG-SMT1-210203345868A-03727093-0"}
fpga -file D:/shadow_project_dma/shadow_dma_1/shadow_dma_vitis/shadow_dma_app/_ide/bitstream/design_1_wrapper.bit
targets -set -nocase -filter {name =~"APU*"}
loadhw -hw D:/shadow_project_dma/shadow_dma_1/shadow_dma_vitis/shawdo_dma_platform/export/shawdo_dma_platform/hw/design_1_wrapper.xsa -mem-ranges [list {0x40000000 0xbfffffff}] -regs
configparams force-mem-access 1
targets -set -nocase -filter {name =~"APU*"}
source D:/shadow_project_dma/shadow_dma_1/shadow_dma_vitis/shadow_dma_app/_ide/psinit/ps7_init.tcl
ps7_init
----------------End of Script----------------

14:54:42 ERROR : 'ps7_init' is cancelled.
15:06:44 INFO  : Disconnected from the channel tcfchan#3.
12:28:29 INFO  : Launching XSCT server: xsct.bat -n  -interactive D:\shadow_project_dma\shadow_dma_1\shadow_dma_vitis\temp_xsdb_launch_script.tcl
12:28:34 INFO  : XSCT server has started successfully.
12:28:34 INFO  : Successfully done setting XSCT server connection channel  
12:28:34 INFO  : plnx-install-location is set to ''
12:28:34 INFO  : Successfully done setting workspace for the tool. 
12:28:36 INFO  : Registering command handlers for Vitis TCF services
12:28:38 INFO  : Platform repository initialization has completed.
12:28:43 INFO  : Successfully done query RDI_DATADIR 
12:30:00 INFO  : Connected to target on host '127.0.0.1' and port '3121'.
12:30:28 INFO  : Jtag cable 'Digilent JTAG-SMT1 210203345868A' is selected.
12:30:52 INFO  : 'jtag frequency' command is executed.
12:30:52 INFO  : Context for 'APU' is selected.
12:30:52 INFO  : System reset is completed.
12:30:55 INFO  : 'after 3000' command is executed.
12:31:17 INFO  : 'targets -set -filter {jtag_cable_name =~ "Digilent JTAG-SMT1 210203345868A" && level==0 && jtag_device_ctx=="jsn-JTAG-SMT1-210203345868A-03727093-0"}' command is executed.
12:32:10 INFO  : Device configured successfully with "D:/shadow_project_dma/shadow_dma_1/shadow_dma_vitis/shadow_dma_app/_ide/bitstream/design_1_wrapper.bit"
12:32:10 INFO  : Context for 'APU' is selected.
12:32:35 INFO  : Hardware design and registers information is loaded from 'D:/shadow_project_dma/shadow_dma_1/shadow_dma_vitis/shawdo_dma_platform/export/shawdo_dma_platform/hw/design_1_wrapper.xsa'.
12:32:35 INFO  : 'configparams force-mem-access 1' command is executed.
12:32:59 INFO  : Context for 'APU' is selected.
12:32:59 INFO  : Sourcing of 'D:/shadow_project_dma/shadow_dma_1/shadow_dma_vitis/shadow_dma_app/_ide/psinit/ps7_init.tcl' is done.
12:45:23 ERROR : 'ps7_init' is cancelled.
12:45:23 INFO  : ----------------XSDB Script----------------
connect -url tcp:127.0.0.1:3121
targets -set -nocase -filter {name =~"APU*"}
rst -system
after 3000
targets -set -filter {jtag_cable_name =~ "Digilent JTAG-SMT1 210203345868A" && level==0 && jtag_device_ctx=="jsn-JTAG-SMT1-210203345868A-03727093-0"}
fpga -file D:/shadow_project_dma/shadow_dma_1/shadow_dma_vitis/shadow_dma_app/_ide/bitstream/design_1_wrapper.bit
targets -set -nocase -filter {name =~"APU*"}
loadhw -hw D:/shadow_project_dma/shadow_dma_1/shadow_dma_vitis/shawdo_dma_platform/export/shawdo_dma_platform/hw/design_1_wrapper.xsa -mem-ranges [list {0x40000000 0xbfffffff}] -regs
configparams force-mem-access 1
targets -set -nocase -filter {name =~"APU*"}
source D:/shadow_project_dma/shadow_dma_1/shadow_dma_vitis/shadow_dma_app/_ide/psinit/ps7_init.tcl
ps7_init
----------------End of Script----------------

12:45:23 ERROR : 'ps7_init' is cancelled.
16:06:10 INFO  : Launching XSCT server: xsct.bat -n  -interactive D:\shadow_project_dma\shadow_dma_1\shadow_dma_vitis\temp_xsdb_launch_script.tcl
16:06:14 INFO  : XSCT server has started successfully.
16:06:14 INFO  : plnx-install-location is set to ''
16:06:14 INFO  : Successfully done setting XSCT server connection channel  
16:06:14 INFO  : Successfully done setting workspace for the tool. 
16:06:18 INFO  : Platform repository initialization has completed.
16:06:19 INFO  : Registering command handlers for Vitis TCF services
16:06:21 INFO  : Successfully done query RDI_DATADIR 
16:06:53 INFO  : Result from executing command 'getProjects': shawdo_dma_platform
16:06:53 INFO  : Result from executing command 'getPlatforms': shawdo_dma_platform|D:/shadow_project_dma/shadow_dma_1/shadow_dma_vitis/shawdo_dma_platform/export/shawdo_dma_platform/shawdo_dma_platform.xpfm
16:07:00 INFO  : Checking for BSP changes to sync application flags for project 'shadow_dma_app'...
16:07:38 INFO  : Connected to target on host '127.0.0.1' and port '3121'.
16:08:12 INFO  : ----------------XSDB Script----------------
connect -url tcp:127.0.0.1:3121
----------------End of Script----------------

16:08:12 ERROR : Could not find ARM device on the board for connection 'Local'.
Check if the target is in:
1. Split JTAG - No operations are possible with ARM DAP.
2. Non JTAG bootmode - Bootrom may need time to enable DAP.
Please try again.


Troubleshooting hints:
1. Check whether board is connected to system properly.
2. In case of zynq board, check whether Digilent/Xilinx cable switch settings are correct.
3. If you are using Xilinx Platform Cable USB, ensure that status LED is green.
16:09:35 INFO  : Connected to target on host '127.0.0.1' and port '3121'.
16:09:54 INFO  : ----------------XSDB Script----------------
connect -url tcp:127.0.0.1:3121
----------------End of Script----------------

16:09:54 ERROR : Could not find ARM device on the board for connection 'Local'.
Check if the target is in:
1. Split JTAG - No operations are possible with ARM DAP.
2. Non JTAG bootmode - Bootrom may need time to enable DAP.
Please try again.


Troubleshooting hints:
1. Check whether board is connected to system properly.
2. In case of zynq board, check whether Digilent/Xilinx cable switch settings are correct.
3. If you are using Xilinx Platform Cable USB, ensure that status LED is green.
16:10:09 INFO  : Connected to target on host '127.0.0.1' and port '3121'.
16:10:19 INFO  : ----------------XSDB Script----------------
connect -url tcp:127.0.0.1:3121
----------------End of Script----------------

16:10:19 ERROR : Could not find ARM device on the board for connection 'Local'.
Check if the target is in:
1. Split JTAG - No operations are possible with ARM DAP.
2. Non JTAG bootmode - Bootrom may need time to enable DAP.
Please try again.


Troubleshooting hints:
1. Check whether board is connected to system properly.
2. In case of zynq board, check whether Digilent/Xilinx cable switch settings are correct.
3. If you are using Xilinx Platform Cable USB, ensure that status LED is green.
16:12:16 INFO  : Connected to target on host '127.0.0.1' and port '3121'.
16:12:41 INFO  : Jtag cable 'Digilent JTAG-SMT1 210203345868A' is selected.
16:13:06 INFO  : 'jtag frequency' command is executed.
16:13:06 INFO  : Context for 'APU' is selected.
16:13:06 INFO  : System reset is completed.
16:13:09 INFO  : 'after 3000' command is executed.
16:13:33 INFO  : 'targets -set -filter {jtag_cable_name =~ "Digilent JTAG-SMT1 210203345868A" && level==0 && jtag_device_ctx=="jsn-JTAG-SMT1-210203345868A-03727093-0"}' command is executed.
16:14:25 INFO  : Device configured successfully with "D:/shadow_project_dma/shadow_dma_1/shadow_dma_vitis/shadow_dma_app/_ide/bitstream/design_1_wrapper.bit"
16:14:26 INFO  : Context for 'APU' is selected.
16:14:50 INFO  : Hardware design and registers information is loaded from 'D:/shadow_project_dma/shadow_dma_1/shadow_dma_vitis/shawdo_dma_platform/export/shawdo_dma_platform/hw/design_1_wrapper.xsa'.
16:14:50 INFO  : 'configparams force-mem-access 1' command is executed.
16:14:50 INFO  : Context for 'APU' is selected.
16:14:51 INFO  : Sourcing of 'D:/shadow_project_dma/shadow_dma_1/shadow_dma_vitis/shadow_dma_app/_ide/psinit/ps7_init.tcl' is done.
16:20:14 INFO  : 'ps7_init' command is executed.
16:20:14 INFO  : 'ps7_post_config' command is executed.
16:20:14 INFO  : Context for processor 'ps7_cortexa9_0' is selected.
16:21:28 INFO  : The application 'D:/shadow_project_dma/shadow_dma_1/shadow_dma_vitis/shadow_dma_app/Debug/shadow_dma_app.elf' is downloaded to processor 'ps7_cortexa9_0'.
16:22:18 INFO  : 'configparams force-mem-access 0' command is executed.
16:22:18 INFO  : ----------------XSDB Script----------------
connect -url tcp:127.0.0.1:3121
targets -set -nocase -filter {name =~"APU*"}
rst -system
after 3000
targets -set -filter {jtag_cable_name =~ "Digilent JTAG-SMT1 210203345868A" && level==0 && jtag_device_ctx=="jsn-JTAG-SMT1-210203345868A-03727093-0"}
fpga -file D:/shadow_project_dma/shadow_dma_1/shadow_dma_vitis/shadow_dma_app/_ide/bitstream/design_1_wrapper.bit
targets -set -nocase -filter {name =~"APU*"}
loadhw -hw D:/shadow_project_dma/shadow_dma_1/shadow_dma_vitis/shawdo_dma_platform/export/shawdo_dma_platform/hw/design_1_wrapper.xsa -mem-ranges [list {0x40000000 0xbfffffff}] -regs
configparams force-mem-access 1
targets -set -nocase -filter {name =~"APU*"}
source D:/shadow_project_dma/shadow_dma_1/shadow_dma_vitis/shadow_dma_app/_ide/psinit/ps7_init.tcl
ps7_init
ps7_post_config
targets -set -nocase -filter {name =~ "*A9*#0"}
dow D:/shadow_project_dma/shadow_dma_1/shadow_dma_vitis/shadow_dma_app/Debug/shadow_dma_app.elf
configparams force-mem-access 0
----------------End of Script----------------

16:23:08 INFO  : Context for processor 'ps7_cortexa9_0' is selected.
16:23:33 INFO  : 'con' command is executed.
16:23:33 INFO  : ----------------XSDB Script (After Launch)----------------
targets -set -nocase -filter {name =~ "*A9*#0"}
con
----------------End of Script----------------

16:23:33 INFO  : Launch script is exported to file 'D:\shadow_project_dma\shadow_dma_1\shadow_dma_vitis\shadow_dma_app_system\_ide\scripts\debugger_shadow_dma_app-default.tcl'
17:02:58 INFO  : Disconnected from the channel tcfchan#2.
